0 info it worked if it ends with ok
1 verbose cli [ 'node', '/usr/local/bin/npm', 'start' ]
2 info using npm@3.3.10
3 info using node@v0.12.7
4 verbose run-script [ 'prestart', 'start', 'poststart' ]
5 info lifecycle mop-places@1.0.0~prestart: mop-places@1.0.0
6 silly lifecycle mop-places@1.0.0~prestart: no script for prestart, continuing
7 info lifecycle mop-places@1.0.0~start: mop-places@1.0.0
8 verbose lifecycle mop-places@1.0.0~start: unsafe-perm in lifecycle true
9 verbose lifecycle mop-places@1.0.0~start: PATH: /usr/local/lib/node_modules/npm/bin/node-gyp-bin:/home/tarik/Desktop/zadatak/node_modules/.bin:/usr/local/heroku/bin:/usr/local/sbin:/usr/local/bin:/usr/sbin:/usr/bin:/sbin:/bin:/usr/games:/usr/local/games
10 verbose lifecycle mop-places@1.0.0~start: CWD: /home/tarik/Desktop/zadatak
11 silly lifecycle mop-places@1.0.0~start: Args: [ '-c', './server/npm start' ]
12 info lifecycle mop-places@1.0.0~start: Failed to exec start script
13 verbose stack Error: mop-places@1.0.0 start: `./server/npm start`
13 verbose stack spawn ENOENT
13 verbose stack     at ChildProcess.<anonymous> (/usr/local/lib/node_modules/npm/lib/utils/spawn.js:17:16)
13 verbose stack     at ChildProcess.emit (events.js:110:17)
13 verbose stack     at maybeClose (child_process.js:1015:16)
13 verbose stack     at Process.ChildProcess._handle.onexit (child_process.js:1087:5)
14 verbose pkgid mop-places@1.0.0
15 verbose cwd /home/tarik/Desktop/zadatak
16 error Linux 3.19.0-33-generic
17 error argv "node" "/usr/local/bin/npm" "start"
18 error node v0.12.7
19 error npm  v3.3.10
20 error file sh
21 error code ELIFECYCLE
22 error errno ENOENT
23 error syscall spawn
24 error mop-places@1.0.0 start: `./server/npm start`
24 error spawn ENOENT
25 error Failed at the mop-places@1.0.0 start script './server/npm start'.
25 error Make sure you have the latest version of node.js and npm installed.
25 error If you do, this is most likely a problem with the mop-places package,
25 error not with npm itself.
25 error Tell the author that this fails on your system:
25 error     ./server/npm start
25 error You can get their info via:
25 error     npm owner ls mop-places
25 error There is likely additional logging output above.
26 verbose exit [ 1, true ]
